         w __deregister_frame_info
         w __gnu_Unwind_Find_exidx
         w __register_frame_info
         w pthread_cancel
         w pthread_getspecific
         w pthread_key_create
         w pthread_key_delete
         w pthread_mutex_lock
         w pthread_mutex_unlock
         w pthread_setspecific
         w userAppExit
         w userAppInit
00000000 00000802 B __ctru_dev_utf16_buf
00000000 A __sync_synchronize
00000000 b _TLS_MODULE_BASE_
00000000 a shift
00000000 a shift
00000804 00000401 B __ctru_dev_path_buf
00100000 A __start__
00100000 T _start
00100008 T __service_ptr
0010000c T __apt_appid
00100010 T __heap_size
00100014 T __linear_heap_size
00100018 T __system_arglist
0010001c T __system_runflags
00100020 t startup
00100058 t ClearMem
0010006c t ClrLoop
00100094 T _init
001000ac T __aeabi_idiv
001000ac 00000220 T __divsi3
001000b4 t .divsi3_skip_div0_test
001002cc 00000020 T __aeabi_idivmod
001002ec 00000004 W __aeabi_idiv0
001002ec 00000004 W __aeabi_ldiv0
001002f0 T __aeabi_uldivmod
0010032c 00000014 T __restore_core_regs
0010032c 00000014 T restore_core_regs
00100340 T __gnu_Unwind_Restore_VFP
00100348 T __gnu_Unwind_Save_VFP
00100350 T __gnu_Unwind_Restore_VFP_D
00100358 T __gnu_Unwind_Save_VFP_D
00100360 T __gnu_Unwind_Restore_VFP_D_16_to_31
00100368 T __gnu_Unwind_Save_VFP_D_16_to_31
00100370 T __gnu_Unwind_Restore_WMMXD
001003b4 T __gnu_Unwind_Save_WMMXD
001003f8 T __gnu_Unwind_Restore_WMMXC
0010040c T __gnu_Unwind_Save_WMMXC
00100420 00000024 T ___Unwind_RaiseException
00100420 00000024 T _Unwind_RaiseException
00100444 00000024 T ___Unwind_Resume
00100444 00000024 T _Unwind_Resume
00100468 00000024 T ___Unwind_Resume_or_Rethrow
00100468 00000024 T _Unwind_Resume_or_Rethrow
0010048c 00000024 T ___Unwind_ForcedUnwind
0010048c 00000024 T _Unwind_ForcedUnwind
001004b0 00000024 T ___Unwind_Backtrace
001004b0 00000024 T _Unwind_Backtrace
001004e8 00000390 T strcmp
00100870 t .udivsi3_skip_div0_test
00100870 T __aeabi_uidiv
00100870 000001ec T __udivsi3
00100a5c 00000020 T __aeabi_uidivmod
00100a7c t __do_global_dtors_aux
00100acc t frame_dummy
00100af8 00000138 W std::vector<unsigned char, std::allocator<unsigned char> >::_M_default_append(unsigned int)
00100c30 00000294 T downloadToBuffer(std::__cxx11::basic_string<char, std::char_traits<char>, std::allocator<char> > const&, std::vector<unsigned char, std::allocator<unsigned char> >&, int)
00100ec4 00000124 T downloadToSD(std::__cxx11::basic_string<char, std::char_traits<char>, std::allocator<char> > const&, std::__cxx11::basic_string<char, std::char_traits<char>, std::allocator<char> > const&)
00100fe8 000001a8 T downloadURL(std::__cxx11::basic_string<char, std::char_traits<char>, std::allocator<char> > const&, std::__cxx11::basic_string<char, std::char_traits<char>, std::allocator<char> > const&, std::__cxx11::basic_string<char, std::char_traits<char>, std::allocator<char> > const&)
00101190 00000094 t void std::__cxx11::basic_string<char, std::char_traits<char>, std::allocator<char> >::_M_construct<char const*>(char const*, char const*, std::forward_iterator_tag) [clone .isra.0]
00101224 000000b4 T getTextInput(std::__cxx11::basic_string<char, std::char_traits<char>, std::allocator<char> > const&, int)
001012d8 00000094 t void std::__cxx11::basic_string<char, std::char_traits<char>, std::allocator<char> >::_M_construct<char const*>(char const*, char const*, std::forward_iterator_tag) [clone .isra.0]
0010136c 00000354 T main
001016c0 000001c8 T consoleDrawChar
00101888 00000170 T consolePrintChar
001019f8 00000c40 T con_write
00102638 00000110 t newRow
00102748 00000180 T consoleInit
001028c8 000000b8 T consoleClear
00102980 000000cc t gfxPresentFramebuffer
00102a4c 0000001c T gfxIsWide
00102a68 000000f8 T gfxSetScreenFormat
00102b60 00000010 T gfxSetDoubleBuffering
00102b70 000000d8 T gfxInit
00102c48 00000010 T gfxInitDefault
00102c58 000000b8 T gfxExit
00102d10 000000a0 T gfxGetFramebuffer
00102db0 00000100 T gfxFlushBuffers
00102eb0 00000050 T gfxSwapBuffersGpu
00102f00 00000180 t aptConvertScreenForCapture
00103080 00000008 W aptDspSleep
00103088 00000004 W aptDspWakeup
0010308c 00000004 W aptDspCancel
00103090 00000138 T aptSendCommand
001031c8 00000044 t aptExitProcess
0010320c 00000394 T aptExit
001035a0 000000d8 T aptHandleSleep
00103678 0000001c T aptSetMessageCallback
00103694 00000084 T APT_SleepIfShellClosed
00103718 00000078 T aptSetSleepAllowed
00103790 00000084 T APT_UnlockTransition
00103818 00000470 t aptEventHandler
00103c88 000000bc T APT_ReceiveParameter
00103d44 000000b0 t aptReceiveParameter.constprop.0
00103df8 00000294 t aptScreenTransfer
0010408c 000002d0 t aptWaitForWakeUp.isra.0
0010435c 00000114 T aptLaunchLibraryApplet
00104470 000000f4 T aptJumpToHomeMenu
00104564 00000058 T aptMainLoop
001045bc 00000240 T aptInit
001047fc 0000005c T APT_SendParameter
00104858 00000090 T APT_CheckNew3DS
001048e8 00000104 T fsInit
001049ec 0000003c T fsExit
00104a28 00000068 T fsExemptFromSession
00104a90 00000050 T fsUnexemptFromSession
00104ae0 000000a0 T fsMakePath
00104b80 000000cc T FSUSER_OpenFile
00104c4c 000000cc T FSUSER_OpenFileDirectly
00104d18 000000b8 T FSUSER_DeleteFile
00104dd0 000000f4 T FSUSER_RenameFile
00104ec4 000000b8 T FSUSER_DeleteDirectory
00104f7c 000000d0 T FSUSER_CreateFile
0010504c 000000c0 T FSUSER_CreateDirectory
0010510c 000000f4 T FSUSER_RenameDirectory
00105200 000000b4 T FSUSER_OpenDirectory
001052b4 00000090 T FSUSER_OpenArchive
00105344 0000008c T FSUSER_CloseArchive
001053d0 00000074 T FSUSER_GetSdmcArchiveResource
00105444 00000064 T FSUSER_IsSdmcWritable
001054a8 00000064 T FSFILE_Read
0010550c 0000006c T FSFILE_Write
00105578 00000044 T FSFILE_GetSize
001055bc 00000028 T FSFILE_SetSize
001055e4 0000003c T FSFILE_Close
00105620 00000024 T FSFILE_Flush
00105644 00000060 T FSDIR_Read
001056a4 0000003c T FSDIR_Close
001056e0 00000c70 t gspHardwareInit
00106350 00000280 T gspInit
001065d0 00000110 T gspExit
001066e0 00000010 T gspHasGpuRight
001066f0 000000a4 T gspPresentBuffer
00106794 00000050 T gspWaitForEvent
001067e4 00000004 W gxCmdQueueInterrupt
001067e8 00000154 t gspEventThreadMain
0010693c 00000050 T GSPGPU_FlushDataCache
0010698c 00000034 T GSPGPU_SetLcdForceBlack
001069c0 00000080 T GSPGPU_AcquireRight
00106a40 0000005c T GSPGPU_ReleaseRight
00106a9c 0000007c T GSPGPU_ImportDisplayCaptureInfo
00106b18 0000002c T GSPGPU_SaveVramSysArea
00106b44 0000002c T GSPGPU_RestoreVramSysArea
00106b70 00000024 W hidShouldUseIrrst
00106b94 000001cc T hidInit
00106d60 000000e8 T hidExit
00106e48 000002a0 T hidScanInput
001070e8 00000010 T hidKeysDown
001070f8 000001dc T httpcInit
001072d4 000000bc T httpcExit
00107390 00000170 T httpcOpenContext
00107500 00000040 T httpcCloseContext
00107540 00000134 T httpcDownloadData
00107674 0000008c T httpcAddRequestHeaderField
00107700 00000030 T httpcBeginRequest
00107730 00000064 T httpcGetDownloadSizeState
00107794 0000008c T httpcGetResponseHeader
00107820 0000003c T httpcGetResponseStatusCode
0010785c 00000034 T httpcSetSSLOpt
00107890 000001a4 T irrstInit
00107a34 000000dc T irrstExit
00107b10 000000b4 T irrstScanInput
00107bc4 00000024 T irrstKeysHeld
00107be8 00000190 t swkbdMessageCallback
00107d78 00000084 T swkbdInit
00107dfc 00000064 T swkbdSetHintText
00107e60 000003a8 T swkbdInputText
00108208 000000e8 T utf16_to_utf8
001082f0 000000c0 T utf8_to_utf16
001083b0 00000038 W __libctru_init
001083e8 0000016c W __system_initArgv
00108554 00000030 T __syscall_getreent
00108584 00000004 T __syscall_lock_acquire
00108588 00000004 T __syscall_lock_release
0010858c 00000004 T __syscall_lock_acquire_recursive
00108590 00000004 T __syscall_lock_release_recursive
00108594 00000004 T __syscall_exit
00108598 00000054 T initThreadVars
001085ec 00000080 T __system_initSyscalls
0010866c T svcControlMemory
0010868c T svcQueryMemory
001086bc T svcExitProcess
001086c4 T svcCreateThread
001086e4 T svcExitThread
001086ec T svcSleepThread
001086f4 T svcReleaseMutex
001086fc T svcCreateEvent
00108710 T svcSignalEvent
00108718 T svcClearEvent
00108720 T svcCreateMemoryBlock
00108738 T svcMapMemoryBlock
00108740 T svcUnmapMemoryBlock
00108748 T svcCreateAddressArbiter
0010875c T svcArbitrateAddressNoTimeout
00108764 T svcCloseHandle
0010876c T svcWaitSynchronization
00108774 T svcWaitSynchronizationN
0010879c T svcDuplicateHandle
001087b0 T svcConnectToPort
001087c4 T svcSendSyncRequest
001087cc T svcGetResourceLimit
001087e0 T svcGetResourceLimitLimitValues
001087e8 T svcGetResourceLimitCurrentValues
001087f0 T svcBreak
001087f8 W initSystem
00108848 W __ctru_exit
0010885c 00000024 t addrMapNodeComparator(rbtree_node const*, rbtree_node const*)
00108880 00000004 t addrMapNodeDestructor(rbtree_node*)
00108884 0000012c T linearMemAlign
001089b0 00000008 T linearAlloc
001089b8 0000005c T linearFree
00108a14 00000088 T MemPool::CoalesceRight(MemBlock*)
00108a9c 00000178 T MemPool::Allocate(MemChunk&, unsigned long, int)
00108c14 00000118 T MemPool::Deallocate(MemChunk const&)
00108d2c 00000030 T MemPool::GetFreeSpace()
00108d5c 00000024 t addrMapNodeComparator(rbtree_node const*, rbtree_node const*)
00108d80 00000004 t addrMapNodeDestructor(rbtree_node*)
00108d84 00000248 T vramMemAlignAt
00108fcc 0000000c T vramAlloc
00108fd8 00000094 T vramFree
0010906c 0000008c W envGetHandle
001090f8 00000050 W envDestroyHandles
00109148 00000034 T __ctru_speedup_config
0010917c 00000164 T srvInit
001092e0 00000064 T srvExit
00109344 00000060 T srvEnableNotification
001093a4 000000a0 T srvGetServiceHandleDirect
00109444 00000048 T srvGetServiceHandle
0010948c 00000034 T srvSubscribe
001094c0 00000060 T srvReceiveNotification
00109520 00000038 T srvPublishToSubscriber
00109558 0000000c T __sync_init
00109564 00000018 T __sync_fini
0010957c 00000028 T syncArbitrateAddress
001095a4 000000ac T LightLock_Lock
00109650 00000040 T LightLock_Unlock
00109690 00000054 T RecursiveLock_Lock
001096e4 00000054 T RecursiveLock_Unlock
00109738 00000044 T LightEvent_Init
0010977c 000000b8 T LightEvent_Clear
00109834 000000dc T LightEvent_Signal
00109910 00000050 T LightEvent_TryWait
00109960 000000ac T LightEvent_Wait
00109a0c 000001fc T threadCreate
00109c08 00000038 T threadFree
00109c40 00000024 T threadJoin
00109c64 00000030 T threadGetCurrent
00109c94 00000040 T threadExit
00109cd4 00000020 t _thread_begin
00109cf4 00000090 t mappableFindAddressWithin
00109d84 00000028 T mappableInit
00109dac 0000007c T mappableAlloc
00109e28 00000004 T mappableFree
00109e2c 00000078 T ptmSysmInit
00109ea4 0000003c T ptmSysmExit
00109ee0 00000034 T PTMSYSM_ConfigureNew3DSCPU
00109f14 0000000c T srvPmGetSessionHandle
00109f20 00000074 T rbtree_find
00109f94 00000010 T rbtree_init
00109fa4 00000198 t do_insert
0010a13c 00000008 T rbtree_insert
0010a144 00000310 T rbtree_remove
0010a454 00000090 T rbtree_rotate
0010a4e4 00000054 T decode_utf16
0010a538 00000140 T decode_utf8
0010a678 00000054 T encode_utf16
0010a6cc 000000e0 T encode_utf8
0010a7b0 000001e8 W __system_allocateHeaps
0010a998 00000030 W __appExit
0010a9c8 00000030 W __appInit
0010a9f8 00000090 W __libctru_exit
0010aa88 00000014 t archive_link
0010aa9c 00000014 t archive_dirreset
0010aab0 00000014 t archive_chmod
0010aac4 00000024 t error_cmp
0010aae8 00000050 t archive_translate_error
0010ab38 000000c0 t archive_seek
0010abf8 00000078 t _archiveInit.part.0
0010ac70 000000d4 t archiveFindDevice.part.0
0010ad44 00000298 t archive_utf16path
0010afdc 00000098 t _archiveUnmountDeviceStruct.part.0
0010b074 00000014 t archive_statvfs
0010b088 00000014 t archive_fchmod
0010b09c 00000178 t _archiveMountDevice
0010b214 000000f8 t archive_diropen
0010b30c 000000ac t archive_fstat
0010b3b8 00000074 t archive_fsync
0010b42c 00000074 t archive_close
0010b4a0 00000078 t archive_dirclose
0010b518 000000ec t sdmc_statvfs
0010b604 000000f8 t archive_chdir
0010b6fc 0000008c t archive_ftruncate
0010b788 000000bc t archive_read
0010b844 000000a8 t archive_unlink
0010b8ec 000000c0 t archive_rmdir
0010b9ac 000000d8 t archive_mkdir
0010ba84 000001a0 t archive_stat
0010bc24 00000164 t archive_dirnext
0010bd88 0000013c t archive_write
0010bec8 00000254 t archive_open
0010c11c 00000270 t archive_rename
0010c38c 000001c8 T archiveMountSdmc
0010c554 00000054 T archiveUnmountAll
0010c5a8 00000060 T rbtree_node_next
0010c608 T __aeabi_read_tp
0010c614 00000004 T operator delete(void*)
0010c618 0000005c T operator new(unsigned int)
0010c674 00000040 T std::__throw_logic_error(char const*)
0010c6b4 00000040 T std::__throw_length_error(char const*)
0010c6f4 00000054 W std::__cxx11::basic_string<char, std::char_traits<char>, std::allocator<char> >::_M_create(unsigned int&, unsigned int)
0010c748 00000014 W std::__cxx11::basic_string<char, std::char_traits<char>, std::allocator<char> >::_M_dispose()
0010c75c 00000104 W std::__cxx11::basic_string<char, std::char_traits<char>, std::allocator<char> >::_M_mutate(unsigned int, unsigned int, char const*, unsigned int)
0010c860 00000098 W std::__cxx11::basic_string<char, std::char_traits<char>, std::allocator<char> >::reserve(unsigned int)
0010c8f8 00000090 W std::__cxx11::basic_string<char, std::char_traits<char>, std::allocator<char> >::_M_append(char const*, unsigned int)
0010c988 0000000c T std::bad_alloc::what() const
0010c994 00000020 T std::bad_alloc::~bad_alloc()
0010c994 00000020 T std::bad_alloc::~bad_alloc()
0010c9b4 0000002c T std::bad_alloc::~bad_alloc()
0010c9e0 00000004 T operator delete(void*, unsigned int)
0010c9e4 0000000c W __gnu_cxx::__concurrence_lock_error::what() const
0010c9f0 0000000c W __gnu_cxx::__concurrence_unlock_error::what() const
0010c9fc 00000020 W __gnu_cxx::__concurrence_lock_error::~__concurrence_lock_error()
0010c9fc 00000020 W __gnu_cxx::__concurrence_lock_error::~__concurrence_lock_error()
0010ca1c 0000002c W __gnu_cxx::__concurrence_lock_error::~__concurrence_lock_error()
0010ca48 00000020 W __gnu_cxx::__concurrence_unlock_error::~__concurrence_unlock_error()
0010ca48 00000020 W __gnu_cxx::__concurrence_unlock_error::~__concurrence_unlock_error()
0010ca68 0000002c W __gnu_cxx::__concurrence_unlock_error::~__concurrence_unlock_error()
0010ca94 0000002c W __gnu_cxx::__throw_concurrence_lock_error()
0010cac0 0000002c W __gnu_cxx::__throw_concurrence_unlock_error()
0010caec 0000012c t (anonymous namespace)::pool::free(void*) [clone .constprop.0]
0010cc18 000000f0 t (anonymous namespace)::pool::allocate(unsigned int) [clone .constprop.0]
0010cd08 00000044 T __cxa_allocate_exception
0010cd4c 00000028 T __cxa_free_exception
0010cd74 000001a4 t _GLOBAL__sub_I__ZN9__gnu_cxx9__freeresEv
0010cf18 T __cxa_end_cleanup
0010cf28 00000138 T __cxa_type_match
0010d060 000000b4 T __cxa_begin_cleanup
0010d114 000000b4 T __gnu_end_cleanup
0010d1c8 000000e0 T __cxa_begin_catch
0010d2a8 000000e0 T __cxa_end_catch
0010d388 00000004 T std::exception::~exception()
0010d388 00000004 T std::exception::~exception()
0010d38c 00000004 T std::bad_exception::~bad_exception()
0010d38c 00000004 T std::bad_exception::~bad_exception()
0010d390 0000000c T transaction clone for std::bad_exception::what() const
0010d390 0000000c T std::bad_exception::what() const
0010d39c 00000020 T std::bad_exception::~bad_exception()
0010d3bc 00000038 t eh_globals_dtor(void*)
0010d3f4 00000038 T __cxa_get_globals_fast
0010d42c 00000090 T __cxa_get_globals
0010d4bc 00000040 t _GLOBAL__sub_I__ZN17__eh_globals_init7_S_initE
0010d4fc 00000034 t _GLOBAL__sub_D__ZN17__eh_globals_init7_S_initE
0010d530 00000150 t read_encoded_value_with_base(unsigned char, unsigned int, unsigned char const*, unsigned int*)
0010d680 0000005c t base_of_encoded_value(unsigned char, _Unwind_Context*)
0010d6dc 000000f0 t parse_lsda_header(_Unwind_Context*, unsigned char const*, lsda_header_info*)
0010d7cc 000006c8 T __gxx_personality_v0
0010de94 00000014 T __cxxabiv1::__terminate(void (*)())
0010dea8 00000018 T std::terminate()
0010dec0 0000000c T __cxxabiv1::__unexpected(void (*)())
0010decc 00000018 T std::unexpected()
0010dee4 00000014 T std::get_terminate()
0010def8 00000014 T std::get_unexpected()
0010df0c 00000070 t __gxx_exception_cleanup(_Unwind_Reason_Code, _Unwind_Control_Block*)
0010df7c 00000054 T __cxa_init_primary_exception
0010dfd0 00000054 T __cxa_throw
0010e024 000000b0 T __cxa_rethrow
0010e0d4 00000014 T std::get_new_handler()
0010e0e8 00000020 T __cxxabiv1::__si_class_type_info::~__si_class_type_info()
0010e0e8 00000020 T __cxxabiv1::__si_class_type_info::~__si_class_type_info()
0010e108 0000002c T __cxxabiv1::__si_class_type_info::~__si_class_type_info()
0010e134 00000140 T __cxxabiv1::__si_class_type_info::__do_dyncast(int, __cxxabiv1::__class_type_info::__sub_kind, __cxxabiv1::__class_type_info const*, void const*, __cxxabiv1::__class_type_info const*, void const*, __cxxabiv1::__class_type_info::__dyncast_result&) const
0010e274 00000088 T __cxxabiv1::__si_class_type_info::__do_find_public_src(int, void const*, __cxxabiv1::__class_type_info const*, void const*) const
0010e2fc 00000044 T __cxxabiv1::__si_class_type_info::__do_upcast(__cxxabiv1::__class_type_info const*, void const*, __cxxabiv1::__class_type_info::__upcast_result&) const
0010e340 00000004 T std::type_info::~type_info()
0010e340 00000004 T std::type_info::~type_info()
0010e344 00000008 T std::type_info::__is_pointer_p() const
0010e344 00000008 T std::type_info::__is_function_p() const
0010e34c 00000008 T std::logic_error::what() const
0010e34c 00000008 T std::runtime_error::what() const
0010e354 00000098 T std::logic_error::~logic_error()
0010e354 00000098 T std::logic_error::~logic_error()
0010e3ec 00000098 T std::length_error::~length_error()
0010e3ec 00000098 T std::length_error::~length_error()
0010e484 000000a0 T std::logic_error::~logic_error()
0010e524 000000a0 T std::length_error::~length_error()
0010e5c4 000000d8 T std::logic_error::logic_error(char const*)
0010e5c4 000000d8 T std::logic_error::logic_error(char const*)
0010e69c 00000020 T std::length_error::length_error(char const*)
0010e69c 00000020 T std::length_error::length_error(char const*)
0010e6bc 00000088 W std::string::_Rep::_S_create(unsigned int, unsigned int, std::allocator<char> const&)
0010e744 00000004 W std::string::_Rep::_M_destroy(std::allocator<char> const&)
0010e748 0000005c T __cxxabiv1::__class_type_info::__do_upcast(__cxxabiv1::__class_type_info const*, void**) const
0010e7a4 00000014 T __cxxabiv1::__class_type_info::__do_find_public_src(int, void const*, __cxxabiv1::__class_type_info const*, void const*) const
0010e7b8 00000020 T __cxxabiv1::__class_type_info::~__class_type_info()
0010e7b8 00000020 T __cxxabiv1::__class_type_info::~__class_type_info()
0010e7d8 0000002c T __cxxabiv1::__class_type_info::~__class_type_info()
0010e804 00000070 T __cxxabiv1::__class_type_info::__do_upcast(__cxxabiv1::__class_type_info const*, void const*, __cxxabiv1::__class_type_info::__upcast_result&) const
0010e874 00000090 T __cxxabiv1::__class_type_info::__do_catch(std::type_info const*, void**, unsigned int) const
0010e904 000000f8 T __cxxabiv1::__class_type_info::__do_dyncast(int, __cxxabiv1::__class_type_info::__sub_kind, __cxxabiv1::__class_type_info const*, void const*, __cxxabiv1::__class_type_info const*, void const*, __cxxabiv1::__class_type_info::__dyncast_result&) const
0010e9fc 00000070 t __cxxabiv1::__is_gxx_exception_class(char*)
0010ea6c 0000002c T __cxa_call_terminate
0010ea98 00000148 T __cxa_call_unexpected
0010ebe0 00000130 T __udivmoddi4
0010ed10 00000018 t selfrel_offset31
0010ed28 00000090 t search_EIT_table
0010edb8 00000040 t __gnu_unwind_get_pr_addr
0010edf8 00000110 t get_eit_entry
0010ef08 00000088 t restore_non_core_regs
0010ef90 00000014 t _Unwind_decode_typeinfo_ptr.constprop.0
0010efa4 00000004 t _Unwind_DebugHook
0010efa8 00000064 t unwind_phase2
0010f00c 0000013c t unwind_phase2_forced
0010f148 000000a4 T __gnu_Unwind_RaiseException
0010f1ec 00000020 T __gnu_Unwind_ForcedUnwind
0010f20c 00000074 T __gnu_Unwind_Resume
0010f280 00000020 T __gnu_Unwind_Resume_or_Rethrow
0010f2a0 00000004 T _Unwind_Complete
0010f2a4 00000018 T _Unwind_DeleteException
0010f2bc 00000064 T _Unwind_VRS_Get
0010f320 0000002c t _Unwind_GetGR
0010f34c 00000064 T _Unwind_VRS_Set
0010f3b0 0000002c t _Unwind_SetGR
0010f3dc 000000c0 T __gnu_Unwind_Backtrace
0010f49c 0000040c t __gnu_unwind_pr_common
0010f8a8 00000008 T __aeabi_unwind_cpp_pr0
0010f8b0 00000008 W __aeabi_unwind_cpp_pr1
0010f8b8 00000008 W __aeabi_unwind_cpp_pr2
0010f8c0 00000458 T _Unwind_VRS_Pop
0010fd18 00000064 t next_unwind_byte
0010fd7c 0000002c t _Unwind_GetGR.constprop.0
0010fda8 00000004 t unwind_UCB_from_context
0010fdac 00000464 T __gnu_unwind_execute
00110210 00000048 T __gnu_unwind_frame
00110258 00000010 T _Unwind_GetRegionStart
00110268 0000001c T _Unwind_GetLanguageSpecificData
00110284 00000008 T _Unwind_GetDataRelBase
0011028c 00000008 T _Unwind_GetTextRelBase
00110294 000000d8 T strncmp
0011036c 00000140 T strchr
001104ac 00000024 T getenv
001104d0 0000016c T memmove
0011063c 0000008c T strlen
001106c8 000000d8 T memcmp
001107a0 0000001c t stdio_exit_handler
001107bc 0000005c t cleanup_stdio
00110818 00000154 t global_stdio_init.part.0
0011096c 0000005c T __sinit
001109c8 0000000c T __sfp_lock_acquire
001109d4 0000000c T __sfp_lock_release
001109e0 000001ec t _strtoul_l.isra.0
00110bcc 0000003c T strtoul
00110c08 00000084 T __libc_init_array
00110c8c 0000009c T strncat
00110d28 00000070 T _fwalk_sglue
00110d98 00000078 T bsearch
00110e10 0000000c T __errno
00110e1c 00000014 T abort
00110e30 000000e0 T _puts_r
00110f10 00000020 T puts
00110f30 00000028 T memalign
00110f58 0000082c T _malloc_r
00111784 000000e8 T memchr
0011186c 00000114 T _malloc_trim_r
00111980 00000314 T _free_r
00111c94 00000034 T printf
00111cc8 0000003c T strnlen
00111d04 00000040 T malloc
00111d44 00000020 T free
00111d64 0000022c T __sflush_r
00111f90 000000c4 T _fflush_r
00112054 000000dc T _findenv_r
00112130 000000e4 T memset
00112214 0000000c T __malloc_lock
00112220 0000000c T __malloc_unlock
0011222c 00000004 W __call_exitprocs
00112230 00000030 T exit
00112260 00000294 T setvbuf
001124f4 000000d4 T strncpy
001125c8 0000012c T memcpy
001126f4 000004a4 T __sfvwrite_r
00112b98 00000044 T __sread
00112bdc 00000068 T __swrite
00112c44 00000040 T __sseek
00112c84 00000008 T __sclose
00112c8c 0000009c T _raise_r
00112d28 00000020 T raise
00112d48 0000000c T __env_lock
00112d54 0000000c T __env_unlock
00112d60 00000144 T _fclose_r
00112ea4 0000016c T _memalign_r
00113010 000005e0 t get_arg
001135f0 00003554 T _vfprintf_r
00116b44 000000b4 t __sbprintf
00116bf8 000001c0 t quorem
00116db8 000013f0 T _dtoa_r
001181a8 000000a0 T _wcrtomb_r
00118248 0000003c T __libc_fini_array
00118284 00000164 T __smakebuf_r
001183e8 00000090 T __swhatbuf_r
00118478 000004f0 T _realloc_r
00118968 00000028 T _wcsrtombs_r
00118990 00000140 T __swsetup_r
00118ad0 00000088 T frexp
00118b58 0000005c T __assert_func
00118bb4 00000088 T _Balloc
00118c3c 0000001c T _Bfree
00118c58 000000f4 T __multadd
00118d4c 00000080 T __hi0bits
00118dcc 000000f0 T __lo0bits
00118ebc 000000a4 T __i2b
00118f60 00000230 T __multiply
00119190 00000130 T __pow5mult
001192c0 00000138 T __lshift
001193f8 00000058 T __mcmp
00119450 00000218 T __mdiff
00119668 00000120 T __d2b
00119788 00000024 T __locale_mb_cur_max
001197ac 0000003c T fiprintf
001197e8 0000015c T _wcsnrtombs_l
00119944 00000064 T _wcsnrtombs_r
001199a8 00000340 T __utf8_mbtowc
00119ce8 00000030 T __sprint_r
00119d18 00000024 T _localeconv_r
00119d3c 000000d8 T _calloc_r
00119e14 000000f8 T __utf8_wctomb
00119f0c 000005e0 t get_arg
0011a4ec 000022f8 T _vfiprintf_r
0011c7e4 000000b4 t __sbprintf
0011c898 00000020 T _exit
0011c8b8 00000140 T chdir
0011c9f8 000001c8 T _concatenate_path
0011cbc0 0000009c T _fstat_r
0011cc5c 00000014 T _getpid_r
0011cc70 0000002c T __getreent
0011cc9c 00000058 T __get_handle
0011ccf4 00000110 T _close_r
0011ce04 00000008 t null_write
0011ce0c 00000018 T setDefaultDevice
0011ce24 000000c4 T FindDevice
0011cee8 00000028 T RemoveDevice
0011cf10 00000098 T AddDevice
0011cfa8 00000020 T GetDeviceOpTab
0011cfc8 00000008 T _isatty_r
0011cfd0 00000014 T _kill_r
0011cfe4 00000094 T _lseek_r
0011d078 00000094 T _read_r
0011d10c 00000078 W _sbrk_r
0011d184 0000001c T __libc_lock_acquire
0011d1a0 0000001c T __libc_lock_release
0011d1bc 0000001c T __libc_lock_acquire_recursive
0011d1d8 0000001c T __libc_lock_release_recursive
0011d1f4 00000094 T _write_r
0011d288 00000048 T strrchr
0011d2d0 T _fini
0011e124 r .LC7
0011e150 r .LC9
0011e174 r .LC11
0011e390 r .LC2
0011e624 00000080 r dotab_stdout
0011e6a4 00000018 r grayScale
0011e6bc 00000006 r colorCube
0011e6c4 00000030 r colorTable
0011e710 00000008 r morton_y.2
0011e718 00000008 r morton_x.3
0011e720 00000008 r s_sleepWakeEvents.4
0011e728 0000000c r serviceNameTable.5
0011e734 R default_font_bin
0011ef34 R default_font_bin_end
0011ef34 00000030 r error_table
0011ef64 00000080 r archive_devoptab
0011efe4 0000000d R typeinfo name for std::bad_alloc
0011eff4 0000000c R typeinfo for std::bad_alloc
0011f000 00000014 R vtable for std::bad_alloc
0011f014 00000027 V typeinfo name for __gnu_cxx::__concurrence_lock_error
0011f03c 0000000c V typeinfo for __gnu_cxx::__concurrence_lock_error
0011f048 00000029 V typeinfo name for __gnu_cxx::__concurrence_unlock_error
0011f074 0000000c V typeinfo for __gnu_cxx::__concurrence_unlock_error
0011f080 00000014 V vtable for __gnu_cxx::__concurrence_lock_error
0011f094 00000014 V vtable for __gnu_cxx::__concurrence_unlock_error
0011f0a8 0000000d R typeinfo name for std::exception
0011f0b8 00000008 R typeinfo for std::exception
0011f0c0 00000012 R typeinfo name for std::bad_exception
0011f0d4 0000000c R typeinfo for std::bad_exception
0011f0e0 00000020 R typeinfo name for __cxxabiv1::__forced_unwind
0011f100 00000008 R typeinfo for __cxxabiv1::__forced_unwind
0011f108 00000024 R typeinfo name for __cxxabiv1::__foreign_exception
0011f12c 00000008 R typeinfo for __cxxabiv1::__foreign_exception
0011f134 00000014 R vtable for std::bad_exception
0011f15c 00000025 R typeinfo name for __cxxabiv1::__si_class_type_info
0011f184 0000000c R typeinfo for __cxxabiv1::__si_class_type_info
0011f190 0000002c R vtable for __cxxabiv1::__si_class_type_info
0011f1bc 0000000d R typeinfo name for std::type_info
0011f1cc 00000008 R typeinfo for std::type_info
0011f1d4 00000010 R typeinfo name for std::logic_error
0011f1e4 0000000c R typeinfo for std::logic_error
0011f1f0 00000011 R typeinfo name for std::length_error
0011f204 0000000c R typeinfo for std::length_error
0011f210 00000014 R vtable for std::logic_error
0011f224 00000014 R vtable for std::length_error
0011f238 00000022 R typeinfo name for __cxxabiv1::__class_type_info
0011f25c 0000000c R typeinfo for __cxxabiv1::__class_type_info
0011f268 0000002c R vtable for __cxxabiv1::__class_type_info
0011f2ac 00000101 R _ctype_
0011f4d4 00000010 r zeroes.0
0011f4e4 00000010 r blanks.1
0011f4fc 0000006c R __action_table
0011f568 0000006c R __state_table
0011f5d4 00000100 R __chclass
0011f6d4 0000000c r p05.0
0011f6e0 00000028 R __mprec_bigtens
0011f708 000000c8 R __mprec_tens
0011f8bc 00000010 r zeroes.0
0011f8cc 00000010 r blanks.1
0011f8dc 00000080 R dotab_stdnull
0011f95c R __tdata_align
0011f960 r __EH_FRAME_BEGIN__
0011fa4c R __exidx_start
0011fc54 R __exidx_end
00120000 00000001 d firstConsoleInit.0
00120004 00000004 D currentConsole
00120008 00000048 D defaultConsole
00120050 00000004 d aptChainloadDeliverArgSize
00120054 00000004 d kCount
00120058 00000004 d kInterval
0012005c 00000004 d kDelay
00120060 W __stacksize__
00120064 00000004 D __cxxabiv1::__unexpected_handler
00120068 00000004 D __cxxabiv1::__terminate_handler
0012006c 0000000c D __sglue
00120078 00000004 D __malloc_sbrk_base
0012007c 00000004 D __malloc_trim_threshold
00120080 00000408 D __malloc_av_
00120488 00000004 D _impure_ptr
00120490 00000140 D _impure_data
001205d0 00000004 D environ
001205d4 0000016c D __global_locale
00120740 00000400 d _current_working_directory
00120b40 00001000 d handles
00121b40 0000000c d __stderr_handle
00121b4c 0000000c d __stdout_handle
00121b58 0000000c d __stdin_handle
00121b64 0000008c D devoptab_list
00121bf0 00000004 d defaultDevice
00121bfc d _GLOBAL_OFFSET_TABLE_
00121c08 d __frame_dummy_init_array_entry
00121c08 D __init_array_start
00121c08 B __preinit_array_end
00121c08 B __preinit_array_start
00121c08 D __tdata_lma
00121c08 D __tdata_lma_end
00121c14 d __do_global_dtors_aux_fini_array_entry
00121c14 D __fini_array_start
00121c14 D __init_array_end
00121c1c D __bss_start__
00121c1c D __fini_array_end
00121c1c 00000101 b getTextInput(std::__cxx11::basic_string<char, std::char_traits<char>, std::allocator<char> > const&, int)::buffer
00121d1d b completed.1
00121d20 b object.0
00121d38 00000064 b escapeSeq
00121d9c 00000048 B currentCopy
00121de4 00000004 b screenAlloc
00121de8 00000004 b screenFree
00121dec 00000002 b gfxIsDoubleBuf
00121df0 00000002 b gfxCurBuf
00121df2 00000001 b gfxIsVram
00121df3 00000001 b gfxTopMode
00121df4 00000002 b gfxFramebufferFormats
00121df8 00000004 b gfxBottomFramebufferMaxSize
00121dfc 00000004 b gfxTopFramebufferMaxSize
00121e00 00000008 b gfxBottomFramebuffers
00121e08 00000008 b gfxTopFramebuffers
00121e10 00000001 b flagValue.0
00121e11 00000001 b flagInit.1
00121e14 00000004 b serviceName.6
00121e18 00000001 b aptChainloadFlags
00121e19 00000001 b aptChainloadMediatype
00121e1c 00000020 b aptChainloadHmac
00121e3c 00000300 b aptChainloadDeliverArg
00122140 00000008 b aptChainloadTid
00122148 00001000 b aptParameters
00123148 00000004 b aptFlags
0012314c 00000001 b aptHomeButtonState
00123150 00000004 b aptMessageFuncData
00123154 00000004 b aptMessageFunc
00123158 0000000c b aptFirstHook
00123164 00000001 b aptEventHandlerThreadQuit
00123168 00000004 b aptEventHandlerThread
0012316c 00000008 b aptSleepEvent
00123174 00000008 b aptReceiveEvent
0012317c 00000008 b aptEvents
00123184 00000004 b aptLockHandle
00123188 00000004 b aptRefCount
00123190 00000080 b fsExemptArchives
00123210 00000004 b fsuRefCount
00123214 00000004 b fsuHandle
00123218 00000007 b gspEventCbOneShot
00123220 0000001c b gspEventCbData
0012323c 0000001c b gspEventCb
00123258 00000038 b gspEvents
00123290 00000004 b gspLastEvent
00123294 00000001 b gspRunEvents
00123298 00000004 b gspEventThread
0012329c 00000004 b gspEvent
001232a0 00000001 b gspGpuRight
001232a1 00000001 b gspThreadId
001232a4 00000004 b gspSharedMem
001232a8 00000004 b gspSharedMemHandle
001232ac 00000004 b gspRefCount
001232b0 00000004 b gspGpuHandle
001232b4 00000001 b usingIrrst
001232b8 00000004 b hidRefCount
001232bc 00000006 b gRate
001232c4 00000006 b aVec
001232cc 00000004 b cPos
001232d0 00000004 b tPos
001232d4 00000004 b kRepeat
001232d8 00000004 b kUp
001232dc 00000004 b kDown
001232e0 00000004 b kHeld
001232e4 00000004 b kOld
001232e8 00000004 B hidSharedMem
001232ec 00000014 B hidEvents
00123300 00000004 B hidMemHandle
00123304 00000004 B hidHandle
00123308 00000004 b __httpc_sharedmem_handle
0012330c 00000004 b __httpc_sharedmem_size
00123310 00000004 B __httpc_sharedmem_addr
00123314 00000004 b __httpc_refcount
00123318 00000004 B __httpc_servhandle
0012331c 00000004 b irrstRefCount
00123320 00000004 b csPos
00123324 00000004 b kHeld
00123328 00000004 B irrstSharedMem
0012332c 00000004 B irrstEvent
00123330 00000004 B irrstMemHandle
00123334 00000004 B irrstHandle
00123338 00000004 b swkbdSharedMemHandle
0012333c 00000004 b swkbdSharedMem
00123340 00000004 B __system_retAddr
00123344 00000004 B __system_argv
00123348 00000004 B __system_argc
0012334c b saved_stack
00123358 00000008 b sLinearPool
00123360 0000000c b sAddrMap
00123370 00000008 b sVramPoolB
00123378 00000008 b sVramPoolA
00123380 0000000c b sAddrMap
0012338c 00000004 B __3dslink_host
00123390 00000001 V __ctru_speedup
00123394 00000004 b srvRefCount
00123398 00000004 b srvHandle
0012339c 00000004 b arbiter
001233a0 00000004 b currentAddr
001233a4 00000004 b maxAddr
001233a8 00000004 b minAddr
001233ac 00000004 b ptmSysmRefCount
001233b0 00000004 b ptmSysmHandle
001233b4 00000004 b srvPmHandle
001233b8 00000004 V __ctru_linear_heap_size
001233bc 00000004 V __ctru_heap_size
001233c0 00000004 B __ctru_linear_heap
001233c4 00000004 B __ctru_heap
001233c8 000005c0 b archive_devices
00123988 00000004 b archive_device_cwd
0012398c 00000001 b archive_initialized
00123990 0000001c b (anonymous namespace)::emergency_pool
001239ac 00000004 b init
001239b0 00000001 B __eh_globals_init::_S_init
001239b4 0000000c b (anonymous namespace)::eh_globals
001239c0 00000004 b (anonymous namespace)::__new_handler
001239c4 00000010 V std::string::_Rep::_S_empty_rep_storage
001239d4 0000000c b __sfp_recursive_mutex
001239e0 00000168 B __sf
00123b48 00000004 B __stdio_exit_handler
00123b4c 00000028 B __malloc_current_mallinfo
00123b74 00000004 B __malloc_max_total_mem
00123b78 00000004 B __malloc_max_sbrked_mem
00123b7c 00000004 B __malloc_top_pad
00123b80 0000000c b __malloc_recursive_mutex
00123b8c 0000000c b __env_recursive_mutex
00123b98 00000004 b initial_env
00123b9c 00000400 b temp_cwd
00123f9c 00000004 b __hndl_lock
00123fa0 00000004 B fake_heap_start
00123fa4 00000004 B fake_heap_end
00123fa8 00000004 b heap_start.0
00123fac B __tls_start
00124bb4 B __bss_end__
00124bb4 A __end__
00124bb4 B __tls_end
